  [1m[35m (200.3ms)[0m  [1m[35mCREATE DATABASE "backend_development" ENCODING = 'unicode'[0m
  [1m[35m (214.8ms)[0m  [1m[35mCREATE DATABASE "backend_test" ENCODING = 'unicode'[0m
  [1m[35m (56.1ms)[0m  [1m[35mCREATE TABLE "schema_migrations" ("version" character varying NOT NULL PRIMARY KEY)[0m
  [1m[35m (3.5ms)[0m  [1m[35mCREATE TABLE "ar_internal_metadata" ("key" character varying NOT NULL PRIMARY KEY, "value" character varying, "created_at" timestamp(6) NOT NULL, "updated_at" timestamp(6) NOT NULL)[0m
  [1m[35m (0.4ms)[0m  [1m[34mSELECT pg_try_advisory_lock(5073945470573576205)[0m
  [1m[36mActiveRecord::SchemaMigration Pluck (12.3ms)[0m  [1m[34mSELECT "schema_migrations"."version" FROM "schema_migrations" ORDER BY "schema_migrations"."version" ASC[0m
  [1m[36mActiveRecord::InternalMetadata Load (0.7ms)[0m  [1m[34mSELECT "ar_internal_metadata".* FROM "ar_internal_metadata" WHERE "ar_internal_metadata"."key" = $1 LIMIT $2[0m  [["key", "environment"], ["LIMIT", 1]]
  [1m[36mTRANSACTION (0.1ms)[0m  [1m[35mBEGIN[0m
  [1m[36mActiveRecord::InternalMetadata Create (2.5ms)[0m  [1m[32mINSERT INTO "ar_internal_metadata" ("key", "value", "created_at", "updated_at") VALUES ($1, $2, $3, $4) RETURNING "key"[0m  [["key", "environment"], ["value", "development"], ["created_at", "2023-11-29 22:01:12.611931"], ["updated_at", "2023-11-29 22:01:12.611931"]]
  [1m[36mTRANSACTION (0.2ms)[0m  [1m[35mCOMMIT[0m
  [1m[35m (0.2ms)[0m  [1m[34mSELECT pg_advisory_unlock(5073945470573576205)[0m
  [1m[36mActiveRecord::SchemaMigration Pluck (0.4ms)[0m  [1m[34mSELECT "schema_migrations"."version" FROM "schema_migrations" ORDER BY "schema_migrations"."version" ASC[0m
  [1m[35m (0.6ms)[0m  [1m[34mSELECT pg_try_advisory_lock(5073945470573576205)[0m
  [1m[36mActiveRecord::SchemaMigration Pluck (0.6ms)[0m  [1m[34mSELECT "schema_migrations"."version" FROM "schema_migrations" ORDER BY "schema_migrations"."version" ASC[0m
Migrating to CreateArticles (20231129220127)
  [1m[36mTRANSACTION (0.1ms)[0m  [1m[35mBEGIN[0m
  [1m[35m (34.2ms)[0m  [1m[35mCREATE TABLE "articles" ("id" bigserial primary key, "author" character varying NOT NULL, "title" character varying NOT NULL, "description" text NOT NULL, "url" character varying NOT NULL, "url_to_image" character varying NOT NULL, "published_at" timestamp(6) NOT NULL, "content" text NOT NULL, "source" text NOT NULL, "created_at" timestamp(6) NOT NULL, "updated_at" timestamp(6) NOT NULL)[0m
  [1m[35m (3.1ms)[0m  [1m[35mCREATE INDEX "index_articles_on_title" ON "articles" ("title")[0m
  [1m[36mActiveRecord::SchemaMigration Create (1.2ms)[0m  [1m[32mINSERT INTO "schema_migrations" ("version") VALUES ($1) RETURNING "version"[0m  [["version", "20231129220127"]]
  [1m[36mTRANSACTION (3.3ms)[0m  [1m[35mCOMMIT[0m
  [1m[36mActiveRecord::InternalMetadata Load (0.7ms)[0m  [1m[34mSELECT "ar_internal_metadata".* FROM "ar_internal_metadata" WHERE "ar_internal_metadata"."key" = $1 LIMIT $2[0m  [["key", "environment"], ["LIMIT", 1]]
  [1m[35m (0.2ms)[0m  [1m[34mSELECT pg_advisory_unlock(5073945470573576205)[0m
  [1m[36mActiveRecord::SchemaMigration Pluck (0.7ms)[0m  [1m[34mSELECT "schema_migrations"."version" FROM "schema_migrations" ORDER BY "schema_migrations"."version" ASC[0m
Started GET "/" for ::1 at 2023-11-29 16:33:24 -0600
  [1m[36mActiveRecord::SchemaMigration Pluck (2.1ms)[0m  [1m[34mSELECT "schema_migrations"."version" FROM "schema_migrations" ORDER BY "schema_migrations"."version" ASC[0m
Processing by ArticlesController#index as */*
  Parameters: {"q"=>"Apple", "from"=>"2023-11-29", "sortBy"=>"popularity", "apiKey"=>"6cc9e6c616674a80a495a63b43153399"}
  [1m[36mArticle Load (40.7ms)[0m  [1m[34mSELECT "articles".* FROM "articles"[0m
  ↳ app/controllers/articles_controller.rb:5:in `index'
Completed 200 OK in 52ms (Views: 2.1ms | ActiveRecord: 40.7ms | Allocations: 4793)


Started GET "/" for ::1 at 2023-11-29 16:33:50 -0600
Processing by ArticlesController#index as HTML
  [1m[36mArticle Load (17.9ms)[0m  [1m[34mSELECT "articles".* FROM "articles"[0m
  ↳ app/controllers/articles_controller.rb:5:in `index'
Completed 200 OK in 109ms (Views: 90.0ms | ActiveRecord: 17.9ms | Allocations: 731)


Started GET "/favicon.ico" for ::1 at 2023-11-29 16:33:51 -0600
  
ActionController::RoutingError (No route matches [GET] "/favicon.ico"):
  
Started GET "/" for ::1 at 2023-11-29 16:56:27 -0600
  [1m[36mActiveRecord::SchemaMigration Pluck (1.7ms)[0m  [1m[34mSELECT "schema_migrations"."version" FROM "schema_migrations" ORDER BY "schema_migrations"."version" ASC[0m
Processing by ArticlesController#index as */*
  Parameters: {"q"=>"Apple", "from"=>"2023-11-29", "sortBy"=>"popularity", "apiKey"=>"6cc9e6c616674a80a495a63b43153399"}
Completed 500 Internal Server Error in 12ms (ActiveRecord: 0.0ms | Allocations: 6041)


  
RuntimeError (There was an error to save articles):
  
app/services/create_new_articles.rb:17:in `rescue in insert_new_articles'
app/services/create_new_articles.rb:8:in `insert_new_articles'
app/services/create_new_articles.rb:3:in `call'
app/controllers/articles_controller.rb:13:in `create_new_articles'
Started GET "/" for ::1 at 2023-11-29 16:57:00 -0600
Processing by ArticlesController#index as */*
  Parameters: {"q"=>"Apple", "from"=>"2023-11-29", "sortBy"=>"popularity", "apiKey"=>"6cc9e6c616674a80a495a63b43153399"}
Completed 500 Internal Server Error in 11ms (ActiveRecord: 0.0ms | Allocations: 1580)


  
RuntimeError (There was an error to save articles: undefined local variable or method `params' for #<CreateNewArticles:0x00000001063848a0>

      query: params[:query],
             ^^^^^^):
  
app/services/create_new_articles.rb:17:in `rescue in insert_new_articles'
app/services/create_new_articles.rb:8:in `insert_new_articles'
app/services/create_new_articles.rb:3:in `call'
app/controllers/articles_controller.rb:13:in `create_new_articles'
Started GET "/" for ::1 at 2023-11-29 17:00:40 -0600
Processing by ArticlesController#index as */*
  Parameters: {"q"=>"Apple", "from"=>"2023-11-29", "sortBy"=>"popularity", "apiKey"=>"6cc9e6c616674a80a495a63b43153399"}
Completed 500 Internal Server Error in 711ms (ActiveRecord: 0.0ms | Allocations: 5572)


  
RuntimeError (There was an error to save articles: uninitialized constant CreateNewArticles::Articles

    Articles.create(new_articles)
    ^^^^^^^^):
  
app/services/create_new_articles.rb:23:in `rescue in insert_new_articles'
app/services/create_new_articles.rb:14:in `insert_new_articles'
app/services/create_new_articles.rb:9:in `call'
app/controllers/articles_controller.rb:13:in `create_new_articles'
Started GET "/" for ::1 at 2023-11-29 17:01:13 -0600
Processing by ArticlesController#index as */*
  Parameters: {"q"=>"Apple", "from"=>"2023-11-29", "sortBy"=>"popularity", "apiKey"=>"6cc9e6c616674a80a495a63b43153399"}
Completed 500 Internal Server Error in 585ms (ActiveRecord: 0.0ms | Allocations: 5157)


  
RuntimeError (There was an error to save articles: uninitialized constant CreateNewArticles::Articles

    Articles.create(new_articles)
    ^^^^^^^^):
  
app/services/create_new_articles.rb:23:in `rescue in insert_new_articles'
app/services/create_new_articles.rb:14:in `insert_new_articles'
app/services/create_new_articles.rb:9:in `call'
app/controllers/articles_controller.rb:13:in `create_new_articles'
Started GET "/" for ::1 at 2023-11-29 17:01:38 -0600
Processing by ArticlesController#index as */*
  Parameters: {"q"=>"Apple", "from"=>"2023-11-29", "sortBy"=>"popularity", "apiKey"=>"6cc9e6c616674a80a495a63b43153399"}
Completed 500 Internal Server Error in 615ms (ActiveRecord: 0.0ms | Allocations: 5163)


  
RuntimeError (There was an error to save articles: uninitialized constant Articles

    ::Articles.create(new_articles)
    ^^^^^^^^^^):
  
app/services/create_new_articles.rb:23:in `rescue in insert_new_articles'
app/services/create_new_articles.rb:14:in `insert_new_articles'
app/services/create_new_articles.rb:9:in `call'
app/controllers/articles_controller.rb:13:in `create_new_articles'
Started GET "/" for ::1 at 2023-11-29 17:01:51 -0600
Processing by ArticlesController#index as */*
  Parameters: {"q"=>"Apple", "from"=>"2023-11-29", "sortBy"=>"popularity", "apiKey"=>"6cc9e6c616674a80a495a63b43153399"}
Completed 500 Internal Server Error in 584ms (ActiveRecord: 0.0ms | Allocations: 4053)


  
RuntimeError (There was an error to save articles: You tried to define a scope named "sort_by" on the model "Article", but ActiveRecord::Relation already defined an instance method with the same name.):
  
app/services/create_new_articles.rb:23:in `rescue in insert_new_articles'
app/services/create_new_articles.rb:14:in `insert_new_articles'
app/services/create_new_articles.rb:9:in `call'
app/controllers/articles_controller.rb:13:in `create_new_articles'
Started GET "/" for ::1 at 2023-11-29 17:02:39 -0600
Processing by ArticlesController#index as */*
  Parameters: {"q"=>"soccer", "from"=>"2023-11-29", "sortBy"=>"popularity", "apiKey"=>"6cc9e6c616674a80a495a63b43153399"}
  [1m[36mTRANSACTION (0.1ms)[0m  [1m[35mBEGIN[0m
  ↳ app/services/create_new_articles.rb:20:in `insert_new_articles'
  [1m[36mArticle Create (63.8ms)[0m  [1m[32mINSERT INTO "articles" ("author", "title", "description", "url", "url_to_image", "published_at", "content", "source", "created_at", "updated_at") VALUES ($1, $2, $3, $4, $5, $6, $7, $8, $9, $10) RETURNING "id"[0m  [["author", nil], ["title", nil], ["description", nil], ["url", nil], ["url_to_image", nil], ["published_at", nil], ["content", nil], ["source", nil], ["created_at", "2023-11-29 23:02:40.173244"], ["updated_at", "2023-11-29 23:02:40.173244"]]
  ↳ app/services/create_new_articles.rb:20:in `insert_new_articles'
  [1m[36mTRANSACTION (0.1ms)[0m  [1m[31mROLLBACK[0m
  ↳ app/services/create_new_articles.rb:20:in `insert_new_articles'
Completed 500 Internal Server Error in 833ms (ActiveRecord: 153.1ms | Allocations: 14197)


  
RuntimeError (There was an error to save articles: PG::NotNullViolation: ERROR:  null value in column "author" of relation "articles" violates not-null constraint
DETAIL:  Failing row contains (1, null, null, null, null, null, null, null, null, 2023-11-29 23:02:40.173244, 2023-11-29 23:02:40.173244).
):
  
app/services/create_new_articles.rb:23:in `rescue in insert_new_articles'
app/services/create_new_articles.rb:14:in `insert_new_articles'
app/services/create_new_articles.rb:9:in `call'
app/controllers/articles_controller.rb:13:in `create_new_articles'
Started GET "/" for ::1 at 2023-11-29 17:03:13 -0600
Processing by ArticlesController#index as */*
  Parameters: {"q"=>"soccer", "from"=>"2023-11-29", "sortBy"=>"popularity", "apiKey"=>"6cc9e6c616674a80a495a63b43153399"}
  [1m[36mTRANSACTION (0.1ms)[0m  [1m[35mBEGIN[0m
  ↳ app/services/create_new_articles.rb:21:in `insert_new_articles'
  [1m[36mArticle Create (4.8ms)[0m  [1m[32mINSERT INTO "articles" ("author", "title", "description", "url", "url_to_image", "published_at", "content", "source", "created_at", "updated_at") VALUES ($1, $2, $3, $4, $5, $6, $7, $8, $9, $10) RETURNING "id"[0m  [["author", nil], ["title", nil], ["description", nil], ["url", nil], ["url_to_image", nil], ["published_at", nil], ["content", nil], ["source", nil], ["created_at", "2023-11-29 23:03:14.128087"], ["updated_at", "2023-11-29 23:03:14.128087"]]
  ↳ app/services/create_new_articles.rb:21:in `insert_new_articles'
  [1m[36mTRANSACTION (0.1ms)[0m  [1m[31mROLLBACK[0m
  ↳ app/services/create_new_articles.rb:21:in `insert_new_articles'
Completed 500 Internal Server Error in 654ms (ActiveRecord: 30.8ms | Allocations: 9230)


  
RuntimeError (There was an error to save articles: PG::NotNullViolation: ERROR:  null value in column "author" of relation "articles" violates not-null constraint
DETAIL:  Failing row contains (2, null, null, null, null, null, null, null, null, 2023-11-29 23:03:14.128087, 2023-11-29 23:03:14.128087).
):
  
app/services/create_new_articles.rb:24:in `rescue in insert_new_articles'
app/services/create_new_articles.rb:14:in `insert_new_articles'
app/services/create_new_articles.rb:9:in `call'
app/controllers/articles_controller.rb:13:in `create_new_articles'
Started GET "/" for ::1 at 2023-11-29 17:06:46 -0600
Processing by ArticlesController#index as */*
  Parameters: {"q"=>"soccer", "from"=>"2023-11-29", "sortBy"=>"popularity", "apiKey"=>"6cc9e6c616674a80a495a63b43153399"}
  [1m[36mTRANSACTION (0.2ms)[0m  [1m[35mBEGIN[0m
  ↳ app/services/create_new_articles.rb:23:in `insert_new_articles'
  [1m[36mArticle Create (3.9ms)[0m  [1m[32mINSERT INTO "articles" ("author", "title", "description", "url", "url_to_image", "published_at", "content", "source", "created_at", "updated_at") VALUES ($1, $2, $3, $4, $5, $6, $7, $8, $9, $10) RETURNING "id"[0m  [["author", nil], ["title", nil], ["description", nil], ["url", nil], ["url_to_image", nil], ["published_at", nil], ["content", nil], ["source", nil], ["created_at", "2023-11-29 23:06:47.009713"], ["updated_at", "2023-11-29 23:06:47.009713"]]
  ↳ app/services/create_new_articles.rb:23:in `insert_new_articles'
  [1m[36mTRANSACTION (0.1ms)[0m  [1m[31mROLLBACK[0m
  ↳ app/services/create_new_articles.rb:23:in `insert_new_articles'
Completed 500 Internal Server Error in 807ms (ActiveRecord: 55.5ms | Allocations: 9411)


  
RuntimeError (There was an error to save articles: PG::NotNullViolation: ERROR:  null value in column "author" of relation "articles" violates not-null constraint
DETAIL:  Failing row contains (3, null, null, null, null, null, null, null, null, 2023-11-29 23:06:47.009713, 2023-11-29 23:06:47.009713).
):
  
app/services/create_new_articles.rb:26:in `rescue in insert_new_articles'
app/services/create_new_articles.rb:15:in `insert_new_articles'
app/services/create_new_articles.rb:10:in `call'
app/controllers/articles_controller.rb:13:in `create_new_articles'
Started GET "/" for ::1 at 2023-11-29 17:06:52 -0600
Processing by ArticlesController#index as */*
  Parameters: {"q"=>"soccer", "from"=>"2023-11-29", "sortBy"=>"popularity", "apiKey"=>"6cc9e6c616674a80a495a63b43153399"}
  [1m[36mTRANSACTION (0.3ms)[0m  [1m[35mBEGIN[0m
  ↳ app/services/create_new_articles.rb:23:in `insert_new_articles'
  [1m[36mArticle Create (29.2ms)[0m  [1m[32mINSERT INTO "articles" ("author", "title", "description", "url", "url_to_image", "published_at", "content", "source", "created_at", "updated_at") VALUES ($1, $2, $3, $4, $5, $6, $7, $8, $9, $10) RETURNING "id"[0m  [["author", nil], ["title", nil], ["description", nil], ["url", nil], ["url_to_image", nil], ["published_at", nil], ["content", nil], ["source", nil], ["created_at", "2023-11-29 23:06:53.566060"], ["updated_at", "2023-11-29 23:06:53.566060"]]
  ↳ app/services/create_new_articles.rb:23:in `insert_new_articles'
  [1m[36mTRANSACTION (0.1ms)[0m  [1m[31mROLLBACK[0m
  ↳ app/services/create_new_articles.rb:23:in `insert_new_articles'
Completed 500 Internal Server Error in 593ms (ActiveRecord: 29.6ms | Allocations: 5029)


  
RuntimeError (There was an error to save articles: PG::NotNullViolation: ERROR:  null value in column "author" of relation "articles" violates not-null constraint
DETAIL:  Failing row contains (4, null, null, null, null, null, null, null, null, 2023-11-29 23:06:53.56606, 2023-11-29 23:06:53.56606).
):
  
app/services/create_new_articles.rb:26:in `rescue in insert_new_articles'
app/services/create_new_articles.rb:15:in `insert_new_articles'
app/services/create_new_articles.rb:10:in `call'
app/controllers/articles_controller.rb:13:in `create_new_articles'
Started GET "/" for ::1 at 2023-11-29 17:07:48 -0600
Processing by ArticlesController#index as */*
  Parameters: {"q"=>"soccer", "from"=>"2023-11-29", "sortBy"=>"popularity", "apiKey"=>"6cc9e6c616674a80a495a63b43153399"}
  [1m[36mTRANSACTION (0.2ms)[0m  [1m[35mBEGIN[0m
  ↳ app/services/create_new_articles.rb:25:in `insert_new_articles'
  [1m[36mArticle Create (4.1ms)[0m  [1m[32mINSERT INTO "articles" ("author", "title", "description", "url", "url_to_image", "published_at", "content", "source", "created_at", "updated_at") VALUES ($1, $2, $3, $4, $5, $6, $7, $8, $9, $10) RETURNING "id"[0m  [["author", nil], ["title", nil], ["description", nil], ["url", nil], ["url_to_image", nil], ["published_at", nil], ["content", nil], ["source", nil], ["created_at", "2023-11-29 23:07:49.078379"], ["updated_at", "2023-11-29 23:07:49.078379"]]
  ↳ app/services/create_new_articles.rb:25:in `insert_new_articles'
  [1m[36mTRANSACTION (2.7ms)[0m  [1m[31mROLLBACK[0m
  ↳ app/services/create_new_articles.rb:25:in `insert_new_articles'
Completed 500 Internal Server Error in 834ms (ActiveRecord: 185.3ms | Allocations: 9324)


  
RuntimeError (There was an error to save articles: PG::NotNullViolation: ERROR:  null value in column "author" of relation "articles" violates not-null constraint
DETAIL:  Failing row contains (5, null, null, null, null, null, null, null, null, 2023-11-29 23:07:49.078379, 2023-11-29 23:07:49.078379).
):
  
app/services/create_new_articles.rb:28:in `rescue in insert_new_articles'
app/services/create_new_articles.rb:15:in `insert_new_articles'
app/services/create_new_articles.rb:10:in `call'
app/controllers/articles_controller.rb:13:in `create_new_articles'
Started GET "/" for ::1 at 2023-11-29 17:09:51 -0600
Processing by ArticlesController#index as */*
  Parameters: {"q"=>"soccer", "from"=>"2023-11-29", "sortBy"=>"popularity", "apiKey"=>"6cc9e6c616674a80a495a63b43153399"}
  [1m[36mTRANSACTION (0.1ms)[0m  [1m[35mBEGIN[0m
  ↳ app/services/create_new_articles.rb:25:in `insert_new_articles'
  [1m[36mArticle Create (3.0ms)[0m  [1m[32mINSERT INTO "articles" ("author", "title", "description", "url", "url_to_image", "published_at", "content", "source", "created_at", "updated_at") VALUES ($1, $2, $3, $4, $5, $6, $7, $8, $9, $10) RETURNING "id"[0m  [["author", nil], ["title", nil], ["description", nil], ["url", nil], ["url_to_image", nil], ["published_at", nil], ["content", nil], ["source", nil], ["created_at", "2023-11-29 23:09:53.050649"], ["updated_at", "2023-11-29 23:09:53.050649"]]
  ↳ app/services/create_new_articles.rb:25:in `insert_new_articles'
  [1m[36mTRANSACTION (0.1ms)[0m  [1m[31mROLLBACK[0m
  ↳ app/services/create_new_articles.rb:25:in `insert_new_articles'
Completed 500 Internal Server Error in 668ms (ActiveRecord: 54.0ms | Allocations: 9203)


  
RuntimeError (There was an error to save articles: PG::NotNullViolation: ERROR:  null value in column "author" of relation "articles" violates not-null constraint
DETAIL:  Failing row contains (6, null, null, null, null, null, null, null, null, 2023-11-29 23:09:53.050649, 2023-11-29 23:09:53.050649).
):
  
app/services/create_new_articles.rb:28:in `rescue in insert_new_articles'
app/services/create_new_articles.rb:15:in `insert_new_articles'
app/services/create_new_articles.rb:10:in `call'
app/controllers/articles_controller.rb:13:in `create_new_articles'
Started GET "/" for ::1 at 2023-11-29 17:10:33 -0600
Processing by ArticlesController#index as */*
  Parameters: {"q"=>"soccer", "from"=>"2023-11-28", "sortBy"=>"popularity", "apiKey"=>"6cc9e6c616674a80a495a63b43153399"}
  [1m[36mTRANSACTION (2.2ms)[0m  [1m[35mBEGIN[0m
  ↳ app/services/create_new_articles.rb:25:in `insert_new_articles'
  [1m[36mArticle Create (14.6ms)[0m  [1m[32mINSERT INTO "articles" ("author", "title", "description", "url", "url_to_image", "published_at", "content", "source", "created_at", "updated_at") VALUES ($1, $2, $3, $4, $5, $6, $7, $8, $9, $10) RETURNING "id"[0m  [["author", nil], ["title", nil], ["description", nil], ["url", nil], ["url_to_image", nil], ["published_at", nil], ["content", nil], ["source", nil], ["created_at", "2023-11-29 23:10:34.347687"], ["updated_at", "2023-11-29 23:10:34.347687"]]
  ↳ app/services/create_new_articles.rb:25:in `insert_new_articles'
  [1m[36mTRANSACTION (0.9ms)[0m  [1m[31mROLLBACK[0m
  ↳ app/services/create_new_articles.rb:25:in `insert_new_articles'
Completed 500 Internal Server Error in 651ms (ActiveRecord: 17.7ms | Allocations: 5066)


  
RuntimeError (There was an error to save articles: PG::NotNullViolation: ERROR:  null value in column "author" of relation "articles" violates not-null constraint
DETAIL:  Failing row contains (7, null, null, null, null, null, null, null, null, 2023-11-29 23:10:34.347687, 2023-11-29 23:10:34.347687).
):
  
app/services/create_new_articles.rb:28:in `rescue in insert_new_articles'
app/services/create_new_articles.rb:15:in `insert_new_articles'
app/services/create_new_articles.rb:10:in `call'
app/controllers/articles_controller.rb:13:in `create_new_articles'
Started GET "/" for ::1 at 2023-11-29 17:10:43 -0600
Processing by ArticlesController#index as */*
  Parameters: {"q"=>"soccer", "from"=>"2023-11-15", "sortBy"=>"popularity"}
  [1m[36mTRANSACTION (0.2ms)[0m  [1m[35mBEGIN[0m
  ↳ app/services/create_new_articles.rb:25:in `insert_new_articles'
  [1m[36mArticle Create (4.4ms)[0m  [1m[32mINSERT INTO "articles" ("author", "title", "description", "url", "url_to_image", "published_at", "content", "source", "created_at", "updated_at") VALUES ($1, $2, $3, $4, $5, $6, $7, $8, $9, $10) RETURNING "id"[0m  [["author", nil], ["title", nil], ["description", nil], ["url", nil], ["url_to_image", nil], ["published_at", nil], ["content", nil], ["source", nil], ["created_at", "2023-11-29 23:10:43.815335"], ["updated_at", "2023-11-29 23:10:43.815335"]]
  ↳ app/services/create_new_articles.rb:25:in `insert_new_articles'
  [1m[36mTRANSACTION (0.6ms)[0m  [1m[31mROLLBACK[0m
  ↳ app/services/create_new_articles.rb:25:in `insert_new_articles'
Completed 500 Internal Server Error in 606ms (ActiveRecord: 5.2ms | Allocations: 4942)


  
RuntimeError (There was an error to save articles: PG::NotNullViolation: ERROR:  null value in column "author" of relation "articles" violates not-null constraint
DETAIL:  Failing row contains (8, null, null, null, null, null, null, null, null, 2023-11-29 23:10:43.815335, 2023-11-29 23:10:43.815335).
):
  
app/services/create_new_articles.rb:28:in `rescue in insert_new_articles'
app/services/create_new_articles.rb:15:in `insert_new_articles'
app/services/create_new_articles.rb:10:in `call'
app/controllers/articles_controller.rb:13:in `create_new_articles'
Started GET "/" for ::1 at 2023-11-29 17:11:18 -0600
Processing by ArticlesController#index as */*
  Parameters: {"q"=>"soccer", "from"=>"2023-11-15", "sortBy"=>"popularity"}
  [1m[36mTRANSACTION (0.1ms)[0m  [1m[35mBEGIN[0m
  ↳ app/services/create_new_articles.rb:27:in `insert_new_articles'
  [1m[36mArticle Create (5.2ms)[0m  [1m[32mINSERT INTO "articles" ("author", "title", "description", "url", "url_to_image", "published_at", "content", "source", "created_at", "updated_at") VALUES ($1, $2, $3, $4, $5, $6, $7, $8, $9, $10) RETURNING "id"[0m  [["author", nil], ["title", nil], ["description", nil], ["url", nil], ["url_to_image", nil], ["published_at", nil], ["content", nil], ["source", nil], ["created_at", "2023-11-29 23:11:19.614117"], ["updated_at", "2023-11-29 23:11:19.614117"]]
  ↳ app/services/create_new_articles.rb:27:in `insert_new_articles'
  [1m[36mTRANSACTION (0.2ms)[0m  [1m[31mROLLBACK[0m
  ↳ app/services/create_new_articles.rb:27:in `insert_new_articles'
Completed 500 Internal Server Error in 706ms (ActiveRecord: 31.9ms | Allocations: 9326)


  
RuntimeError (There was an error to save articles: PG::NotNullViolation: ERROR:  null value in column "author" of relation "articles" violates not-null constraint
DETAIL:  Failing row contains (9, null, null, null, null, null, null, null, null, 2023-11-29 23:11:19.614117, 2023-11-29 23:11:19.614117).
):
  
app/services/create_new_articles.rb:30:in `rescue in insert_new_articles'
app/services/create_new_articles.rb:15:in `insert_new_articles'
app/services/create_new_articles.rb:10:in `call'
app/controllers/articles_controller.rb:13:in `create_new_articles'
Started GET "/" for ::1 at 2023-11-29 17:12:12 -0600
Processing by ArticlesController#index as */*
  Parameters: {"q"=>"soccer", "from"=>"2023-11-15", "sortBy"=>"popularity"}
Completed 500 Internal Server Error in 600ms (ActiveRecord: 32.5ms | Allocations: 7557)


  
RuntimeError (There was an error to save articles: unknown attribute 'status' for Article.

          raise UnknownAttributeError.new(self, k.to_s)
          ^^^^^):
  
app/services/create_new_articles.rb:30:in `rescue in insert_new_articles'
app/services/create_new_articles.rb:15:in `insert_new_articles'
app/services/create_new_articles.rb:10:in `call'
app/controllers/articles_controller.rb:13:in `create_new_articles'
Started GET "/" for ::1 at 2023-11-29 17:12:35 -0600
Processing by ArticlesController#index as */*
  Parameters: {"q"=>"soccer", "from"=>"2023-11-15", "sortBy"=>"popularity"}
Completed 500 Internal Server Error in 564ms (ActiveRecord: 10.4ms | Allocations: 7603)


  
RuntimeError (There was an error to save articles: unknown attribute 'status' for Article.

          raise UnknownAttributeError.new(self, k.to_s)
          ^^^^^):
  
app/services/create_new_articles.rb:28:in `rescue in insert_new_articles'
app/services/create_new_articles.rb:15:in `insert_new_articles'
app/services/create_new_articles.rb:10:in `call'
app/controllers/articles_controller.rb:13:in `create_new_articles'
Started GET "/" for ::1 at 2023-11-29 17:14:24 -0600
Processing by ArticlesController#index as */*
  Parameters: {"q"=>"soccer", "from"=>"2023-11-15", "sortBy"=>"popularity"}
  [1m[36mTRANSACTION (0.2ms)[0m  [1m[35mBEGIN[0m
  ↳ app/services/create_new_articles.rb:25:in `insert_new_articles'
  [1m[36mArticle Create (4.8ms)[0m  [1m[32mINSERT INTO "articles" ("author", "title", "description", "url", "url_to_image", "published_at", "content", "source", "created_at", "updated_at") VALUES ($1, $2, $3, $4, $5, $6, $7, $8, $9, $10) RETURNING "id"[0m  [["author", nil], ["title", nil], ["description", nil], ["url", nil], ["url_to_image", nil], ["published_at", nil], ["content", nil], ["source", nil], ["created_at", "2023-11-29 23:14:25.765821"], ["updated_at", "2023-11-29 23:14:25.765821"]]
  ↳ app/services/create_new_articles.rb:25:in `insert_new_articles'
  [1m[36mTRANSACTION (0.1ms)[0m  [1m[31mROLLBACK[0m
  ↳ app/services/create_new_articles.rb:25:in `insert_new_articles'
Completed 500 Internal Server Error in 664ms (ActiveRecord: 59.8ms | Allocations: 9297)


  
RuntimeError (There was an error to save articles: PG::NotNullViolation: ERROR:  null value in column "author" of relation "articles" violates not-null constraint
DETAIL:  Failing row contains (10, null, null, null, null, null, null, null, null, 2023-11-29 23:14:25.765821, 2023-11-29 23:14:25.765821).
):
  
app/services/create_new_articles.rb:28:in `rescue in insert_new_articles'
app/services/create_new_articles.rb:15:in `insert_new_articles'
app/services/create_new_articles.rb:10:in `call'
app/controllers/articles_controller.rb:13:in `create_new_articles'
Started GET "/" for ::1 at 2023-11-29 17:14:39 -0600
Processing by ArticlesController#index as */*
  Parameters: {"q"=>"soccer", "from"=>"2023-11-15", "sortBy"=>"popularity"}
  [1m[36mTRANSACTION (0.1ms)[0m  [1m[35mBEGIN[0m
  ↳ app/services/create_new_articles.rb:25:in `insert_new_articles'
  [1m[36mArticle Create (3.8ms)[0m  [1m[32mINSERT INTO "articles" ("author", "title", "description", "url", "url_to_image", "published_at", "content", "source", "created_at", "updated_at") VALUES ($1, $2, $3, $4, $5, $6, $7, $8, $9, $10) RETURNING "id"[0m  [["author", nil], ["title", nil], ["description", nil], ["url", nil], ["url_to_image", nil], ["published_at", nil], ["content", nil], ["source", nil], ["created_at", "2023-11-29 23:14:40.480439"], ["updated_at", "2023-11-29 23:14:40.480439"]]
  ↳ app/services/create_new_articles.rb:25:in `insert_new_articles'
  [1m[36mTRANSACTION (0.2ms)[0m  [1m[31mROLLBACK[0m
  ↳ app/services/create_new_articles.rb:25:in `insert_new_articles'
Completed 500 Internal Server Error in 667ms (ActiveRecord: 29.2ms | Allocations: 9377)


  
RuntimeError (There was an error to save articles: PG::NotNullViolation: ERROR:  null value in column "author" of relation "articles" violates not-null constraint
DETAIL:  Failing row contains (11, null, null, null, null, null, null, null, null, 2023-11-29 23:14:40.480439, 2023-11-29 23:14:40.480439).
):
  
app/services/create_new_articles.rb:28:in `rescue in insert_new_articles'
app/services/create_new_articles.rb:15:in `insert_new_articles'
app/services/create_new_articles.rb:10:in `call'
app/controllers/articles_controller.rb:13:in `create_new_articles'
Started GET "/" for ::1 at 2023-11-29 17:15:00 -0600
Processing by ArticlesController#index as */*
  Parameters: {"q"=>"soccer", "from"=>"2023-11-15", "sortBy"=>"popularity"}
  [1m[36mTRANSACTION (0.1ms)[0m  [1m[35mBEGIN[0m
  ↳ app/services/create_new_articles.rb:25:in `insert_new_articles'
  [1m[36mArticle Create (6.0ms)[0m  [1m[32mINSERT INTO "articles" ("author", "title", "description", "url", "url_to_image", "published_at", "content", "source", "created_at", "updated_at") VALUES ($1, $2, $3, $4, $5, $6, $7, $8, $9, $10) RETURNING "id"[0m  [["author", nil], ["title", nil], ["description", nil], ["url", nil], ["url_to_image", nil], ["published_at", nil], ["content", nil], ["source", nil], ["created_at", "2023-11-29 23:15:01.751996"], ["updated_at", "2023-11-29 23:15:01.751996"]]
  ↳ app/services/create_new_articles.rb:25:in `insert_new_articles'
  [1m[36mTRANSACTION (0.7ms)[0m  [1m[31mROLLBACK[0m
  ↳ app/services/create_new_articles.rb:25:in `insert_new_articles'
Completed 500 Internal Server Error in 680ms (ActiveRecord: 34.3ms | Allocations: 9292)


  
RuntimeError (There was an error to save articles: PG::NotNullViolation: ERROR:  null value in column "author" of relation "articles" violates not-null constraint
DETAIL:  Failing row contains (12, null, null, null, null, null, null, null, null, 2023-11-29 23:15:01.751996, 2023-11-29 23:15:01.751996).
):
  
app/services/create_new_articles.rb:28:in `rescue in insert_new_articles'
app/services/create_new_articles.rb:15:in `insert_new_articles'
app/services/create_new_articles.rb:10:in `call'
app/controllers/articles_controller.rb:13:in `create_new_articles'
Started GET "/" for ::1 at 2023-11-29 17:15:15 -0600
Processing by ArticlesController#index as */*
  Parameters: {"q"=>"soccer", "from"=>"2023-11-15", "sortBy"=>"popularity"}
  [1m[36mTRANSACTION (0.3ms)[0m  [1m[35mBEGIN[0m
  ↳ app/services/create_new_articles.rb:25:in `insert_new_articles'
  [1m[36mArticle Create (2.3ms)[0m  [1m[32mINSERT INTO "articles" ("author", "title", "description", "url", "url_to_image", "published_at", "content", "source", "created_at", "updated_at") VALUES ($1, $2, $3, $4, $5, $6, $7, $8, $9, $10) RETURNING "id"[0m  [["author", nil], ["title", nil], ["description", nil], ["url", nil], ["url_to_image", nil], ["published_at", nil], ["content", nil], ["source", nil], ["created_at", "2023-11-29 23:15:16.172795"], ["updated_at", "2023-11-29 23:15:16.172795"]]
  ↳ app/services/create_new_articles.rb:25:in `insert_new_articles'
  [1m[36mTRANSACTION (1.0ms)[0m  [1m[31mROLLBACK[0m
  ↳ app/services/create_new_articles.rb:25:in `insert_new_articles'
Completed 500 Internal Server Error in 571ms (ActiveRecord: 13.3ms | Allocations: 9311)


  
RuntimeError (There was an error to save articles: PG::NotNullViolation: ERROR:  null value in column "author" of relation "articles" violates not-null constraint
DETAIL:  Failing row contains (13, null, null, null, null, null, null, null, null, 2023-11-29 23:15:16.172795, 2023-11-29 23:15:16.172795).
):
  
app/services/create_new_articles.rb:28:in `rescue in insert_new_articles'
app/services/create_new_articles.rb:15:in `insert_new_articles'
app/services/create_new_articles.rb:10:in `call'
app/controllers/articles_controller.rb:13:in `create_new_articles'
